Release 14.7 - xst P.20131013 (nt64)
Copyright (c) 1995-2013 Xilinx, Inc.  All rights reserved.
--> Parameter TMPDIR set to xst/projnav.tmp


Total REAL time to Xst completion: 1.00 secs
Total CPU time to Xst completion: 0.22 secs
 
--> Parameter xsthdpdir set to xst


Total REAL time to Xst completion: 1.00 secs
Total CPU time to Xst completion: 0.22 secs
 
--> Reading design: juntar.prj

TABLE OF CONTENTS
  1) Synthesis Options Summary
  2) HDL Compilation
  3) Design Hierarchy Analysis
  4) HDL Analysis
  5) HDL Synthesis
     5.1) HDL Synthesis Report
  6) Advanced HDL Synthesis
     6.1) Advanced HDL Synthesis Report
  7) Low Level Synthesis
  8) Partition Report
  9) Final Report
	9.1) Device utilization summary
	9.2) Partition Resource Summary
	9.3) TIMING REPORT


=========================================================================
*                      Synthesis Options Summary                        *
=========================================================================
---- Source Parameters
Input File Name                    : "juntar.prj"
Input Format                       : mixed
Ignore Synthesis Constraint File   : NO

---- Target Parameters
Output File Name                   : "juntar"
Output Format                      : NGC
Target Device                      : xc3s100e-4-tq144

---- Source Options
Top Module Name                    : juntar
Automatic FSM Extraction           : YES
FSM Encoding Algorithm             : Auto
Safe Implementation                : No
FSM Style                          : LUT
RAM Extraction                     : Yes
RAM Style                          : Auto
ROM Extraction                     : Yes
Mux Style                          : Auto
Decoder Extraction                 : YES
Priority Encoder Extraction        : Yes
Shift Register Extraction          : YES
Logical Shifter Extraction         : YES
XOR Collapsing                     : YES
ROM Style                          : Auto
Mux Extraction                     : Yes
Resource Sharing                   : YES
Asynchronous To Synchronous        : NO
Multiplier Style                   : Auto
Automatic Register Balancing       : No

---- Target Options
Add IO Buffers                     : YES
Global Maximum Fanout              : 100000
Add Generic Clock Buffer(BUFG)     : 24
Register Duplication               : YES
Slice Packing                      : YES
Optimize Instantiated Primitives   : NO
Use Clock Enable                   : Yes
Use Synchronous Set                : Yes
Use Synchronous Reset              : Yes
Pack IO Registers into IOBs        : Auto
Equivalent register Removal        : YES

---- General Options
Optimization Goal                  : Speed
Optimization Effort                : 1
Keep Hierarchy                     : No
Netlist Hierarchy                  : As_Optimized
RTL Output                         : Yes
Global Optimization                : AllClockNets
Read Cores                         : YES
Write Timing Constraints           : NO
Cross Clock Analysis               : NO
Hierarchy Separator                : /
Bus Delimiter                      : <>
Case Specifier                     : Maintain
Slice Utilization Ratio            : 100
BRAM Utilization Ratio             : 100
Verilog 2001                       : YES
Auto BRAM Packing                  : NO
Slice Utilization Ratio Delta      : 5

=========================================================================


=========================================================================
*                          HDL Compilation                              *
=========================================================================
Compiling vhdl file "D:/URJC/4.CUARTO/TFG/TRABAJO/FPGA/DEFINITIVO/prueba_vueltas/PWM_motor.vhd" in Library work.
Entity <pwm_motor> compiled.
Entity <pwm_motor> (Architecture <behavioral>) compiled.
Compiling vhdl file "D:/URJC/4.CUARTO/TFG/TRABAJO/FPGA/DEFINITIVO/prueba_vueltas/calcular_posicion.vhd" in Library work.
Architecture behavioral of Entity calcular_posicion is up to date.
Compiling vhdl file "D:/URJC/4.CUARTO/TFG/TRABAJO/FPGA/DEFINITIVO/prueba_vueltas/juntar.vhd" in Library work.
Architecture behavioral of Entity juntar is up to date.

=========================================================================
*                     Design Hierarchy Analysis                         *
=========================================================================
Analyzing hierarchy for entity <juntar> in library <work> (architecture <behavioral>).

Analyzing hierarchy for entity <PWM_motor> in library <work> (architecture <behavioral>).

Analyzing hierarchy for entity <calcular_posicion> in library <work> (architecture <behavioral>).


=========================================================================
*                            HDL Analysis                               *
=========================================================================
Analyzing Entity <juntar> in library <work> (Architecture <behavioral>).
Entity <juntar> analyzed. Unit <juntar> generated.

Analyzing Entity <PWM_motor> in library <work> (Architecture <behavioral>).
INFO:Xst:2679 - Register <motor2> in unit <PWM_motor> has a constant value of 0 during circuit operation. The register is replaced by logic.
Entity <PWM_motor> analyzed. Unit <PWM_motor> generated.

Analyzing Entity <calcular_posicion> in library <work> (Architecture <behavioral>).
Entity <calcular_posicion> analyzed. Unit <calcular_posicion> generated.


=========================================================================
*                           HDL Synthesis                               *
=========================================================================

Performing bidirectional port resolution...

Synthesizing Unit <PWM_motor>.
    Related source file is "D:/URJC/4.CUARTO/TFG/TRABAJO/FPGA/DEFINITIVO/prueba_vueltas/PWM_motor.vhd".
    Found 16x7-bit ROM for signal <segmento>.
    Found 1-bit register for signal <motor1>.
    Found 17-bit up counter for signal <conta1milisegundo>.
    Found 2-bit up counter for signal <conta3mili>.
    Found 10-bit up counter for signal <conta8us>.
    Found 8-bit up counter for signal <cuentaPWM>.
    Found 16-bit adder carry in for signal <error>.
    Found 16-bit comparator greater for signal <error$cmp_gt0000> created at line 153.
    Found 4-bit 4-to-1 multiplexer for signal <mostrar>.
    Found 1-bit register for signal <parar>.
    Found 8-bit comparator less for signal <salidaPWM$cmp_lt0000> created at line 123.
    Summary:
	inferred   1 ROM(s).
	inferred   4 Counter(s).
	inferred   2 D-type flip-flop(s).
	inferred   1 Adder/Subtractor(s).
	inferred   2 Comparator(s).
	inferred   4 Multiplexer(s).
Unit <PWM_motor> synthesized.


Synthesizing Unit <calcular_posicion>.
    Related source file is "D:/URJC/4.CUARTO/TFG/TRABAJO/FPGA/DEFINITIVO/prueba_vueltas/calcular_posicion.vhd".
    Found 1-bit register for signal <A_rg1>.
    Found 1-bit register for signal <A_rg2>.
    Found 16-bit updown counter for signal <count>.
    Summary:
	inferred   1 Counter(s).
	inferred   2 D-type flip-flop(s).
Unit <calcular_posicion> synthesized.


Synthesizing Unit <juntar>.
    Related source file is "D:/URJC/4.CUARTO/TFG/TRABAJO/FPGA/DEFINITIVO/prueba_vueltas/juntar.vhd".
Unit <juntar> synthesized.

INFO:Xst:1767 - HDL ADVISOR - Resource sharing has identified that some arithmetic operations in this design can share the same physical resources for reduced device utilization. For improved clock frequency you may try to disable resource sharing.

=========================================================================
HDL Synthesis Report

Macro Statistics
# ROMs                                                 : 1
 16x7-bit ROM                                          : 1
# Adders/Subtractors                                   : 1
 16-bit adder carry in                                 : 1
# Counters                                             : 5
 10-bit up counter                                     : 1
 16-bit updown counter                                 : 1
 17-bit up counter                                     : 1
 2-bit up counter                                      : 1
 8-bit up counter                                      : 1
# Registers                                            : 4
 1-bit register                                        : 4
# Comparators                                          : 2
 16-bit comparator greater                             : 1
 8-bit comparator less                                 : 1
# Multiplexers                                         : 1
 4-bit 4-to-1 multiplexer                              : 1

=========================================================================

=========================================================================
*                       Advanced HDL Synthesis                          *
=========================================================================


=========================================================================
Advanced HDL Synthesis Report

Macro Statistics
# ROMs                                                 : 1
 16x7-bit ROM                                          : 1
# Adders/Subtractors                                   : 1
 16-bit adder carry in                                 : 1
# Counters                                             : 5
 10-bit up counter                                     : 1
 16-bit updown counter                                 : 1
 17-bit up counter                                     : 1
 2-bit up counter                                      : 1
 8-bit up counter                                      : 1
# Registers                                            : 4
 Flip-Flops                                            : 4
# Comparators                                          : 2
 16-bit comparator greater                             : 1
 8-bit comparator less                                 : 1
# Multiplexers                                         : 1
 4-bit 4-to-1 multiplexer                              : 1

=========================================================================

=========================================================================
*                         Low Level Synthesis                           *
=========================================================================

Optimizing unit <juntar> ...

Optimizing unit <PWM_motor> ...

Optimizing unit <calcular_posicion> ...

Mapping all equations...
Building and optimizing final netlist ...
Found area constraint ratio of 100 (+ 5) on block juntar, actual ratio is 8.

Final Macro Processing ...

=========================================================================
Final Register Report

Macro Statistics
# Registers                                            : 57
 Flip-Flops                                            : 57

=========================================================================

=========================================================================
*                           Partition Report                            *
=========================================================================

Partition Implementation Status
-------------------------------

  No Partitions were found in this design.

-------------------------------

=========================================================================
*                            Final Report                               *
=========================================================================
Final Results
RTL Top Level Output File Name     : juntar.ngr
Top Level Output File Name         : juntar
Output Format                      : NGC
Optimization Goal                  : Speed
Keep Hierarchy                     : No

Design Statistics
# IOs                              : 17

Cell Usage :
# BELS                             : 297
#      GND                         : 1
#      INV                         : 6
#      LUT1                        : 33
#      LUT2                        : 45
#      LUT2_L                      : 1
#      LUT3                        : 23
#      LUT4                        : 43
#      LUT4_L                      : 1
#      MUXCY                       : 72
#      MUXF5                       : 4
#      VCC                         : 1
#      XORCY                       : 67
# FlipFlops/Latches                : 57
#      FDC                         : 29
#      FDCE                        : 28
# Clock Buffers                    : 1
#      BUFGP                       : 1
# IO Buffers                       : 16
#      IBUF                        : 3
#      OBUF                        : 13
=========================================================================

Device utilization summary:
---------------------------

Selected Device : 3s100etq144-4 

 Number of Slices:                       80  out of    960     8%  
 Number of Slice Flip Flops:             57  out of   1920     2%  
 Number of 4 input LUTs:                152  out of   1920     7%  
 Number of IOs:                          17
 Number of bonded IOBs:                  17  out of    108    15%  
 Number of GCLKs:                         1  out of     24     4%  

---------------------------
Partition Resource Summary:
---------------------------

  No Partitions were found in this design.

---------------------------


=========================================================================
TIMING REPORT

NOTE: THESE TIMING NUMBERS ARE ONLY A SYNTHESIS ESTIMATE.
      FOR ACCURATE TIMING INFORMATION PLEASE REFER TO THE TRACE REPORT
      GENERATED AFTER PLACE-and-ROUTE.

Clock Information:
------------------
-----------------------------------+------------------------+-------+
Clock Signal                       | Clock buffer(FF name)  | Load  |
-----------------------------------+------------------------+-------+
clk                                | BUFGP                  | 57    |
-----------------------------------+------------------------+-------+

Asynchronous Control Signals Information:
----------------------------------------
-----------------------------------+------------------------+-------+
Control Signal                     | Buffer(FF name)        | Load  |
-----------------------------------+------------------------+-------+
btn_reset                          | IBUF                   | 57    |
-----------------------------------+------------------------+-------+

Timing Summary:
---------------
Speed Grade: -4

   Minimum period: 10.893ns (Maximum Frequency: 91.802MHz)
   Minimum input arrival time before clock: 5.469ns
   Maximum output required time after clock: 8.070ns
   Maximum combinational path delay: 7.060ns

Timing Detail:
--------------
All values displayed in nanoseconds (ns)

=========================================================================
Timing constraint: Default period analysis for Clock 'clk'
  Clock period: 10.893ns (frequency: 91.802MHz)
  Total number of paths / destination ports: 9574 / 83
-------------------------------------------------------------------------
Delay:               10.893ns (Levels of Logic = 26)
  Source:            calcular_posicion1/count_0 (FF)
  Destination:       PWM_motor1/motor1 (FF)
  Source Clock:      clk rising
  Destination Clock: clk rising

  Data Path: calcular_posicion1/count_0 to PWM_motor1/motor1
                                Gate     Net
    Cell:in->out      fanout   Delay   Delay  Logical Name (Net Name)
    ----------------------------------------  ------------
     FDCE:C->Q             4   0.591   0.762  calcular_posicion1/count_0 (calcular_posicion1/count_0)
     LUT4:I0->O            1   0.704   0.000  PWM_motor1/Mcompar_error_cmp_gt0000_lut<0> (PWM_motor1/Mcompar_error_cmp_gt0000_lut<0>)
     MUXCY:S->O            1   0.464   0.000  PWM_motor1/Mcompar_error_cmp_gt0000_cy<0> (PWM_motor1/Mcompar_error_cmp_gt0000_cy<0>)
     MUXCY:CI->O           1   0.059   0.000  PWM_motor1/Mcompar_error_cmp_gt0000_cy<1> (PWM_motor1/Mcompar_error_cmp_gt0000_cy<1>)
     MUXCY:CI->O           1   0.059   0.000  PWM_motor1/Mcompar_error_cmp_gt0000_cy<2> (PWM_motor1/Mcompar_error_cmp_gt0000_cy<2>)
     MUXCY:CI->O           1   0.059   0.000  PWM_motor1/Mcompar_error_cmp_gt0000_cy<3> (PWM_motor1/Mcompar_error_cmp_gt0000_cy<3>)
     MUXCY:CI->O          17   0.459   1.130  PWM_motor1/Mcompar_error_cmp_gt0000_cy<4> (PWM_motor1/Mcompar_error_cmp_gt0000_cy<4>)
     LUT2:I1->O            1   0.704   0.000  PWM_motor1/error_mux0000<0>1 (PWM_motor1/error_mux0000<0>)
     MUXCY:S->O            1   0.464   0.000  PWM_motor1/Madd_error_cy<0> (PWM_motor1/Madd_error_cy<0>)
     MUXCY:CI->O           1   0.059   0.000  PWM_motor1/Madd_error_cy<1> (PWM_motor1/Madd_error_cy<1>)
     MUXCY:CI->O           1   0.059   0.000  PWM_motor1/Madd_error_cy<2> (PWM_motor1/Madd_error_cy<2>)
     MUXCY:CI->O           1   0.059   0.000  PWM_motor1/Madd_error_cy<3> (PWM_motor1/Madd_error_cy<3>)
     MUXCY:CI->O           1   0.059   0.000  PWM_motor1/Madd_error_cy<4> (PWM_motor1/Madd_error_cy<4>)
     MUXCY:CI->O           1   0.059   0.000  PWM_motor1/Madd_error_cy<5> (PWM_motor1/Madd_error_cy<5>)
     MUXCY:CI->O           1   0.059   0.000  PWM_motor1/Madd_error_cy<6> (PWM_motor1/Madd_error_cy<6>)
     MUXCY:CI->O           1   0.059   0.000  PWM_motor1/Madd_error_cy<7> (PWM_motor1/Madd_error_cy<7>)
     MUXCY:CI->O           1   0.059   0.000  PWM_motor1/Madd_error_cy<8> (PWM_motor1/Madd_error_cy<8>)
     MUXCY:CI->O           1   0.059   0.000  PWM_motor1/Madd_error_cy<9> (PWM_motor1/Madd_error_cy<9>)
     MUXCY:CI->O           1   0.059   0.000  PWM_motor1/Madd_error_cy<10> (PWM_motor1/Madd_error_cy<10>)
     MUXCY:CI->O           1   0.059   0.000  PWM_motor1/Madd_error_cy<11> (PWM_motor1/Madd_error_cy<11>)
     MUXCY:CI->O           1   0.059   0.000  PWM_motor1/Madd_error_cy<12> (PWM_motor1/Madd_error_cy<12>)
     MUXCY:CI->O           1   0.059   0.000  PWM_motor1/Madd_error_cy<13> (PWM_motor1/Madd_error_cy<13>)
     MUXCY:CI->O           0   0.059   0.000  PWM_motor1/Madd_error_cy<14> (PWM_motor1/Madd_error_cy<14>)
     XORCY:CI->O           2   0.804   0.482  PWM_motor1/Madd_error_xor<15> (PWM_motor1/error<15>)
     LUT3:I2->O            1   0.704   0.455  PWM_motor1/motor1_cmp_eq000077 (PWM_motor1/motor1_cmp_eq000077)
     LUT4:I2->O            2   0.704   0.451  PWM_motor1/motor1_cmp_eq000090 (PWM_motor1/parar_not0001_inv)
     LUT4:I3->O            1   0.704   0.000  PWM_motor1/motor1_mux0000 (PWM_motor1/motor1_mux0000)
     FDCE:D                    0.308          PWM_motor1/motor1
    ----------------------------------------
    Total                     10.893ns (7.613ns logic, 3.280ns route)
                                       (69.9% logic, 30.1% route)

=========================================================================
Timing constraint: Default OFFSET IN BEFORE for Clock 'clk'
  Total number of paths / destination ports: 153 / 17
-------------------------------------------------------------------------
Offset:              5.469ns (Levels of Logic = 18)
  Source:            encoder2 (PAD)
  Destination:       calcular_posicion1/count_15 (FF)
  Destination Clock: clk rising

  Data Path: encoder2 to calcular_posicion1/count_15
                                Gate     Net
    Cell:in->out      fanout   Delay   Delay  Logical Name (Net Name)
    ----------------------------------------  ------------
     IBUF:I->O            17   1.218   1.130  encoder2_IBUF (encoder2_IBUF)
     LUT3:I1->O            1   0.704   0.420  calcular_posicion1/count_and0000_inv2 (calcular_posicion1/count_and0000_inv)
     MUXCY:CI->O           1   0.059   0.000  calcular_posicion1/Mcount_count_cy<0> (calcular_posicion1/Mcount_count_cy<0>)
     MUXCY:CI->O           1   0.059   0.000  calcular_posicion1/Mcount_count_cy<1> (calcular_posicion1/Mcount_count_cy<1>)
     MUXCY:CI->O           1   0.059   0.000  calcular_posicion1/Mcount_count_cy<2> (calcular_posicion1/Mcount_count_cy<2>)
     MUXCY:CI->O           1   0.059   0.000  calcular_posicion1/Mcount_count_cy<3> (calcular_posicion1/Mcount_count_cy<3>)
     MUXCY:CI->O           1   0.059   0.000  calcular_posicion1/Mcount_count_cy<4> (calcular_posicion1/Mcount_count_cy<4>)
     MUXCY:CI->O           1   0.059   0.000  calcular_posicion1/Mcount_count_cy<5> (calcular_posicion1/Mcount_count_cy<5>)
     MUXCY:CI->O           1   0.059   0.000  calcular_posicion1/Mcount_count_cy<6> (calcular_posicion1/Mcount_count_cy<6>)
     MUXCY:CI->O           1   0.059   0.000  calcular_posicion1/Mcount_count_cy<7> (calcular_posicion1/Mcount_count_cy<7>)
     MUXCY:CI->O           1   0.059   0.000  calcular_posicion1/Mcount_count_cy<8> (calcular_posicion1/Mcount_count_cy<8>)
     MUXCY:CI->O           1   0.059   0.000  calcular_posicion1/Mcount_count_cy<9> (calcular_posicion1/Mcount_count_cy<9>)
     MUXCY:CI->O           1   0.059   0.000  calcular_posicion1/Mcount_count_cy<10> (calcular_posicion1/Mcount_count_cy<10>)
     MUXCY:CI->O           1   0.059   0.000  calcular_posicion1/Mcount_count_cy<11> (calcular_posicion1/Mcount_count_cy<11>)
     MUXCY:CI->O           1   0.059   0.000  calcular_posicion1/Mcount_count_cy<12> (calcular_posicion1/Mcount_count_cy<12>)
     MUXCY:CI->O           1   0.059   0.000  calcular_posicion1/Mcount_count_cy<13> (calcular_posicion1/Mcount_count_cy<13>)
     MUXCY:CI->O           0   0.059   0.000  calcular_posicion1/Mcount_count_cy<14> (calcular_posicion1/Mcount_count_cy<14>)
     XORCY:CI->O           1   0.804   0.000  calcular_posicion1/Mcount_count_xor<15> (calcular_posicion1/Result<15>)
     FDCE:D                    0.308          calcular_posicion1/count_15
    ----------------------------------------
    Total                      5.469ns (3.919ns logic, 1.550ns route)
                                       (71.7% logic, 28.3% route)

=========================================================================
Timing constraint: Default OFFSET OUT AFTER for Clock 'clk'
  Total number of paths / destination ports: 205 / 12
-------------------------------------------------------------------------
Offset:              8.070ns (Levels of Logic = 4)
  Source:            PWM_motor1/conta3mili_0 (FF)
  Destination:       segmento<6> (PAD)
  Source Clock:      clk rising

  Data Path: PWM_motor1/conta3mili_0 to segmento<6>
                                Gate     Net
    Cell:in->out      fanout   Delay   Delay  Logical Name (Net Name)
    ----------------------------------------  ------------
     FDCE:C->Q            14   0.591   1.175  PWM_motor1/conta3mili_0 (PWM_motor1/conta3mili_0)
     LUT3:I0->O            1   0.704   0.000  PWM_motor1/Mmux_mostrar_3 (PWM_motor1/Mmux_mostrar_3)
     MUXF5:I1->O           7   0.321   0.883  PWM_motor1/Mmux_mostrar_2_f5 (PWM_motor1/mostrar<0>)
     LUT4:I0->O            1   0.704   0.420  PWM_motor1/Mrom_segmento31 (segmento_3_OBUF)
     OBUF:I->O                 3.272          segmento_3_OBUF (segmento<3>)
    ----------------------------------------
    Total                      8.070ns (5.592ns logic, 2.478ns route)
                                       (69.3% logic, 30.7% route)

=========================================================================
Timing constraint: Default path analysis
  Total number of paths / destination ports: 4 / 4
-------------------------------------------------------------------------
Delay:               7.060ns (Levels of Logic = 3)
  Source:            btn_reset (PAD)
  Destination:       anodo<3> (PAD)

  Data Path: btn_reset to anodo<3>
                                Gate     Net
    Cell:in->out      fanout   Delay   Delay  Logical Name (Net Name)
    ----------------------------------------  ------------
     IBUF:I->O            61   1.218   1.446  btn_reset_IBUF (btn_reset_IBUF)
     LUT3:I0->O            1   0.704   0.420  PWM_motor1/anodo<3>1 (anodo_3_OBUF)
     OBUF:I->O                 3.272          anodo_3_OBUF (anodo<3>)
    ----------------------------------------
    Total                      7.060ns (5.194ns logic, 1.866ns route)
                                       (73.6% logic, 26.4% route)

=========================================================================


Total REAL time to Xst completion: 6.00 secs
Total CPU time to Xst completion: 6.00 secs
 
--> 

Total memory usage is 4521424 kilobytes

Number of errors   :    0 (   0 filtered)
Number of warnings :    0 (   0 filtered)
Number of infos    :    2 (   0 filtered)

