ISim log file
Running: D:\URJC\4.CUARTO\TFG\TRABAJO\FPGA\PWM_prueba_lazocerrado_v3\tb_juntar_isim_beh.exe -intstyle ise -gui -tclbatch isim.cmd -wdb D:/URJC/4.CUARTO/TFG/TRABAJO/FPGA/PWM_prueba_lazocerrado_v3/tb_juntar_isim_beh.wdb 
ISim P.20131013 (signature 0x7708f090)
WARNING: A WEBPACK license was found.
WARNING: Please use Xilinx License Configuration Manager to check out a full ISim license.
WARNING: ISim will run in Lite mode. Please refer to the ISim documentation for more information on the differences between the Lite and the Full version.
This is a Lite version of ISim.
Time resolution is 1 ps
# onerror resume
# wave add /
# run 1000 ns
Simulator is doing circuit initialization process.
at 0 ps, Instance /tb_juntar/uut/PWM_motor1/ : Warning: NUMERIC_STD."=": metavalue detected, returning FALSE
at 0 ps, Instance /tb_juntar/uut/PWM_motor1/ : Warning: NUMERIC_STD."=": metavalue detected, returning FALSE
at 0 ps, Instance /tb_juntar/uut/PWM_motor1/ : Warning: NUMERIC_STD."=": metavalue detected, returning FALSE
at 0 ps, Instance /tb_juntar/uut/PWM_motor1/ : Warning: NUMERIC_STD."<": metavalue detected, returning FALSE
at 0 ps, Instance /tb_juntar/uut/PWM_motor1/ : Warning: NUMERIC_STD."=": metavalue detected, returning FALSE
at 0 ps, Instance /tb_juntar/uut/PWM_motor1/ : Warning: NUMERIC_STD."=": metavalue detected, returning FALSE
at 0 ps, Instance /tb_juntar/uut/PWM_motor1/ : Warning: NUMERIC_STD."=": metavalue detected, returning FALSE
at 0 ps, Instance /tb_juntar/uut/PWM_motor1/ : Warning: NUMERIC_STD."=": metavalue detected, returning FALSE
at 0 ps, Instance /tb_juntar/uut/PWM_motor1/ : Warning: NUMERIC_STD."=": metavalue detected, returning FALSE
at 0 ps, Instance /tb_juntar/uut/PWM_motor1/ : Warning: NUMERIC_STD."=": metavalue detected, returning FALSE
at 0 ps, Instance /tb_juntar/uut/PID1/ : Warning: NUMERIC_STD.">": metavalue detected, returning FALSE
at 0 ps, Instance /tb_juntar/uut/PID1/ : Warning: NUMERIC_STD."=": metavalue detected, returning FALSE
Finished circuit initialization process.
at 0 ps, Instance /tb_juntar/uut/PWM_motor1/ : Warning: NUMERIC_STD."=": metavalue detected, returning FALSE
at 0 ps, Instance /tb_juntar/uut/PID1/ : Warning: NUMERIC_STD."=": metavalue detected, returning FALSE
at 0 ps, Instance /tb_juntar/uut/PWM_motor1/ : Warning: NUMERIC_STD."<": metavalue detected, returning FALSE
at 0 ps, Instance /tb_juntar/uut/PWM_motor1/ : Warning: NUMERIC_STD."=": metavalue detected, returning FALSE
at 0 ps, Instance /tb_juntar/uut/PID1/ : Warning: NUMERIC_STD.">": metavalue detected, returning FALSE
at 0 ps, Instance /tb_juntar/uut/PWM_motor1/ : Warning: NUMERIC_STD."=": metavalue detected, returning FALSE
at 0 ps, Instance /tb_juntar/uut/PWM_motor1/ : Warning: NUMERIC_STD."=": metavalue detected, returning FALSE
at 0 ps, Instance /tb_juntar/uut/PWM_motor1/ : Warning: NUMERIC_STD."=": metavalue detected, returning FALSE
at 0 ps, Instance /tb_juntar/uut/PWM_motor1/ : Warning: NUMERIC_STD."<": metavalue detected, returning FALSE
# restart
# run 60ms
Simulator is doing circuit initialization process.
at 0 ps, Instance /tb_juntar/uut/PWM_motor1/ : Warning: NUMERIC_STD."=": metavalue detected, returning FALSE
at 0 ps, Instance /tb_juntar/uut/PWM_motor1/ : Warning: NUMERIC_STD."=": metavalue detected, returning FALSE
at 0 ps, Instance /tb_juntar/uut/PWM_motor1/ : Warning: NUMERIC_STD."=": metavalue detected, returning FALSE
at 0 ps, Instance /tb_juntar/uut/PWM_motor1/ : Warning: NUMERIC_STD."<": metavalue detected, returning FALSE
at 0 ps, Instance /tb_juntar/uut/PWM_motor1/ : Warning: NUMERIC_STD."=": metavalue detected, returning FALSE
at 0 ps, Instance /tb_juntar/uut/PWM_motor1/ : Warning: NUMERIC_STD."=": metavalue detected, returning FALSE
at 0 ps, Instance /tb_juntar/uut/PWM_motor1/ : Warning: NUMERIC_STD."=": metavalue detected, returning FALSE
at 0 ps, Instance /tb_juntar/uut/PWM_motor1/ : Warning: NUMERIC_STD."=": metavalue detected, returning FALSE
at 0 ps, Instance /tb_juntar/uut/PWM_motor1/ : Warning: NUMERIC_STD."=": metavalue detected, returning FALSE
at 0 ps, Instance /tb_juntar/uut/PWM_motor1/ : Warning: NUMERIC_STD."=": metavalue detected, returning FALSE
at 0 ps, Instance /tb_juntar/uut/PID1/ : Warning: NUMERIC_STD.">": metavalue detected, returning FALSE
at 0 ps, Instance /tb_juntar/uut/PID1/ : Warning: NUMERIC_STD."=": metavalue detected, returning FALSE
Finished circuit initialization process.
at 0 ps, Instance /tb_juntar/uut/PWM_motor1/ : Warning: NUMERIC_STD."=": metavalue detected, returning FALSE
at 0 ps, Instance /tb_juntar/uut/PID1/ : Warning: NUMERIC_STD."=": metavalue detected, returning FALSE
at 0 ps, Instance /tb_juntar/uut/PWM_motor1/ : Warning: NUMERIC_STD."<": metavalue detected, returning FALSE
at 0 ps, Instance /tb_juntar/uut/PWM_motor1/ : Warning: NUMERIC_STD."=": metavalue detected, returning FALSE
at 0 ps, Instance /tb_juntar/uut/PID1/ : Warning: NUMERIC_STD.">": metavalue detected, returning FALSE
at 0 ps, Instance /tb_juntar/uut/PWM_motor1/ : Warning: NUMERIC_STD."=": metavalue detected, returning FALSE
at 0 ps, Instance /tb_juntar/uut/PWM_motor1/ : Warning: NUMERIC_STD."=": metavalue detected, returning FALSE
at 0 ps, Instance /tb_juntar/uut/PWM_motor1/ : Warning: NUMERIC_STD."=": metavalue detected, returning FALSE
at 0 ps, Instance /tb_juntar/uut/PWM_motor1/ : Warning: NUMERIC_STD."<": metavalue detected, returning FALSE
# run 60ms
