--------------------------------------------------------------------------------
Release 14.7 Trace  (nt64)
Copyright (c) 1995-2013 Xilinx, Inc.  All rights reserved.

C:\Xilinx\14.7\ISE_DS\ISE\bin\nt64\unwrapped\trce.exe -intstyle ise -v 3 -s 4
-n 3 -fastpaths -xml juntar.twx juntar.ncd -o juntar.twr juntar.pcf -ucf
BasysRevEGeneralYo.ucf

Design file:              juntar.ncd
Physical constraint file: juntar.pcf
Device,package,speed:     xc3s100e,tq144,-4 (PRODUCTION 1.27 2013-10-13)
Report level:             verbose report

Environment Variable      Effect 
--------------------      ------ 
NONE                      No environment variables were set
--------------------------------------------------------------------------------

INFO:Timing:2698 - No timing constraints found, doing default enumeration.
INFO:Timing:3412 - To improve timing, see the Timing Closure User Guide (UG612).
INFO:Timing:2752 - To get complete path coverage, use the unconstrained paths 
   option. All paths that are not constrained will be reported in the 
   unconstrained paths section(s) of the report.
INFO:Timing:3339 - The clock-to-out numbers in this timing report are based on 
   a 50 Ohm transmission line loading model.  For the details of this model, 
   and for more information on accounting for different loading conditions, 
   please see the device datasheet.
INFO:Timing:3390 - This architecture does not support a default System Jitter 
   value, please add SYSTEM_JITTER constraint to the UCF to modify the Clock 
   Uncertainty calculation.
INFO:Timing:3389 - This architecture does not support 'Discrete Jitter' and 
   'Phase Error' calculations, these terms will be zero in the Clock 
   Uncertainty calculation.  Please make appropriate modification to 
   SYSTEM_JITTER to account for the unsupported Discrete Jitter and Phase 
   Error.



Data Sheet report:
-----------------
All values displayed in nanoseconds (ns)

Setup/Hold to clock clk
---------------+------------+------------+------------------+--------+
               |Max Setup to|Max Hold to |                  | Clock  |
Source         | clk (edge) | clk (edge) |Internal Clock(s) | Phase  |
---------------+------------+------------+------------------+--------+
btn_bajar      |    2.347(R)|    0.808(R)|clk_BUFGP         |   0.000|
btn_reset      |    3.083(R)|    0.245(R)|clk_BUFGP         |   0.000|
btn_subir      |    1.842(R)|    0.883(R)|clk_BUFGP         |   0.000|
encoder1       |    0.302(R)|    0.937(R)|clk_BUFGP         |   0.000|
sw_sentido     |    1.998(R)|    1.098(R)|clk_BUFGP         |   0.000|
sw_velocidad<0>|    6.570(R)|   -1.073(R)|clk_BUFGP         |   0.000|
sw_velocidad<1>|    7.164(R)|   -1.016(R)|clk_BUFGP         |   0.000|
sw_velocidad<2>|    5.516(R)|   -0.694(R)|clk_BUFGP         |   0.000|
---------------+------------+------------+------------------+--------+

Clock clk to Pad
-------------+------------+------------------+--------+
             | clk (edge) |                  | Clock  |
Destination  |   to PAD   |Internal Clock(s) | Phase  |
-------------+------------+------------------+--------+
anodo<0>     |    9.460(R)|clk_BUFGP         |   0.000|
anodo<1>     |    9.484(R)|clk_BUFGP         |   0.000|
anodo<2>     |    8.938(R)|clk_BUFGP         |   0.000|
led_comprueba|   10.719(R)|clk_BUFGP         |   0.000|
led_posicion |   10.945(R)|clk_BUFGP         |   0.000|
led_salida   |    7.683(R)|clk_BUFGP         |   0.000|
led_sentido  |    6.020(R)|clk_BUFGP         |   0.000|
motor1       |    8.027(R)|clk_BUFGP         |   0.000|
motor2       |    7.851(R)|clk_BUFGP         |   0.000|
segmento<0>  |   22.665(R)|clk_BUFGP         |   0.000|
segmento<1>  |   22.536(R)|clk_BUFGP         |   0.000|
segmento<2>  |   23.013(R)|clk_BUFGP         |   0.000|
segmento<3>  |   22.638(R)|clk_BUFGP         |   0.000|
segmento<4>  |   22.352(R)|clk_BUFGP         |   0.000|
segmento<5>  |   22.539(R)|clk_BUFGP         |   0.000|
segmento<6>  |   23.493(R)|clk_BUFGP         |   0.000|
-------------+------------+------------------+--------+

Clock to Setup on destination clock clk
---------------+---------+---------+---------+---------+
               | Src:Rise| Src:Fall| Src:Rise| Src:Fall|
Source Clock   |Dest:Rise|Dest:Rise|Dest:Fall|Dest:Fall|
---------------+---------+---------+---------+---------+
clk            |    7.908|         |         |         |
---------------+---------+---------+---------+---------+

Pad to Pad
---------------+---------------+---------+
Source Pad     |Destination Pad|  Delay  |
---------------+---------------+---------+
btn_reset      |anodo<0>       |    8.236|
btn_reset      |anodo<1>       |    8.233|
btn_reset      |anodo<2>       |    7.519|
sw4            |segmento<0>    |   19.762|
sw4            |segmento<1>    |   19.633|
sw4            |segmento<2>    |   20.110|
sw4            |segmento<3>    |   19.735|
sw4            |segmento<4>    |   19.449|
sw4            |segmento<5>    |   19.636|
sw4            |segmento<6>    |   20.590|
sw_velocidad<0>|segmento<0>    |   13.266|
sw_velocidad<0>|segmento<1>    |   13.316|
sw_velocidad<0>|segmento<2>    |   14.209|
sw_velocidad<0>|segmento<3>    |   13.244|
sw_velocidad<0>|segmento<4>    |   12.958|
sw_velocidad<0>|segmento<5>    |   13.292|
sw_velocidad<0>|segmento<6>    |   14.689|
sw_velocidad<1>|segmento<0>    |   12.943|
sw_velocidad<1>|segmento<1>    |   12.960|
sw_velocidad<1>|segmento<2>    |   13.853|
sw_velocidad<1>|segmento<3>    |   12.916|
sw_velocidad<1>|segmento<4>    |   12.630|
sw_velocidad<1>|segmento<5>    |   12.936|
sw_velocidad<1>|segmento<6>    |   14.333|
sw_velocidad<2>|segmento<0>    |   13.209|
sw_velocidad<2>|segmento<1>    |   13.259|
sw_velocidad<2>|segmento<2>    |   14.152|
sw_velocidad<2>|segmento<3>    |   13.187|
sw_velocidad<2>|segmento<4>    |   12.901|
sw_velocidad<2>|segmento<5>    |   13.235|
sw_velocidad<2>|segmento<6>    |   14.632|
---------------+---------------+---------+


Analysis completed Fri Oct 11 11:00:31 2019 
--------------------------------------------------------------------------------

Trace Settings:
-------------------------
Trace Settings 

Peak Memory Usage: 4503 MB



